make: Entering directory `/Users/johnsmith/work/FORTHS/ficl-4.1.0-forth'
cc -O -fPIC -Wall  -I. -c -o main.o main.c
cc -O -fPIC -Wall  -I. -c -o dictionary.o dictionary.c
cc -O -fPIC -Wall  -I. -c -o system.o system.c
cc -O -fPIC -Wall  -I. -c -o fileaccess.o fileaccess.c
cc -O -fPIC -Wall  -I. -c -o float.o float.c
cc -O -fPIC -Wall  -I. -c -o double.o double.c
cc -O -fPIC -Wall  -I. -c -o prefix.o prefix.c
cc -O -fPIC -Wall  -I. -c -o search.o search.c
cc -O -fPIC -Wall  -I. -c -o softcore.o softcore.c
cc -O -fPIC -Wall  -I. -c -o stack.o stack.c
cc -O -fPIC -Wall  -I. -c -o tools.o tools.c
cc -O -fPIC -Wall  -I. -c -o vm.o vm.c
cc -O -fPIC -Wall  -I. -c -o primitives.o primitives.c
cc -O -fPIC -Wall  -I. -c -o bit.o bit.c
cc -O -fPIC -Wall  -I. -c -o lzuncompress.o lzuncompress.c
cc -O -fPIC -Wall  -I. -c -o unix.o ficlplatform/unix.c
cc -O -fPIC -Wall  -I. -c -o utility.o utility.c
cc -O -fPIC -Wall  -I. -c -o hash.o hash.c
cc -O -fPIC -Wall  -I. -c -o callback.o callback.c
cc -O -fPIC -Wall  -I. -c -o word.o word.c
cc -O -fPIC -Wall  -I. -c -o extras.o extras.c
ar cr libficl.a dictionary.o system.o fileaccess.o float.o double.o prefix.o search.o softcore.o stack.o tools.o vm.o primitives.o bit.o lzuncompress.o unix.o utility.o hash.o callback.o word.o extras.o
ranlib libficl.a
cc -O -fPIC -Wall -L/usr/local/opt/openssl@1.1/lib main.o -o ficl -L. -lficl -lm
make: Leaving directory `/Users/johnsmith/work/FORTHS/ficl-4.1.0-forth'
 
